<?xml version="1.0" encoding="UTF-8"?>
<!-- Generated by org.testng.reporters.JUnitXMLReporter -->
<testsuite ignored="0" hostname="DESKTOP-MMNJMO8" failures="1" tests="4" name="BankingApp Test" time="78.457" errors="0" timestamp="2023-04-05T12:44:03 EDT">
  <testcase classname="com.inetbanking.testCases.TC_LoginTest_001" name="loginTest" time="5.76"/>
  <testcase classname="com.inetbanking.testCases.TC_LoginDataDrivenTest_002" name="loginDDT" time="16.373"/>
  <testcase classname="com.inetbanking.testCases.TC_LoginDataDrivenTest_002" name="loginDDT" time="6.894">
    <failure type="java.lang.AssertionError" message="expected [true] but found [false]">
      <![CDATA[java.lang.AssertionError: expected [true] but found [false]
at com.inetbanking.testCases.TC_LoginDataDrivenTest_002.loginDDT(TC_LoginDataDrivenTest_002.java:31)
at java.base/java.util.ArrayList.forEach(ArrayList.java:1511)
... Removed 29 stack frames]]>
    </failure>
  </testcase> <!-- loginDDT -->
  <testcase classname="com.inetbanking.testCases.TC_AddCustomerTest_003" name="addNewCustomer" time="13.526"/>
</testsuite> <!-- BankingApp Test -->
